This is pdfTeX, Version 3.14159265-2.6-1.40.19 (MiKTeX 2.9.6930 64-bit) (preloaded format=pdflatex 2019.2.13)  28 OCT 2019 22:01
entering extended mode
**./midterm_report.tex
(midterm_report.tex
LaTeX2e <2018-12-01>
("C:\Users\evanb\AppData\Local\Programs\MiKTeX 2.9\tex/latex/base\article.cls"
Document Class: article 2018/09/03 v1.4i Standard LaTeX document class
("C:\Users\evanb\AppData\Local\Programs\MiKTeX 2.9\tex/latex/base\size12.clo"
File: size12.clo 2018/09/03 v1.4i Standard LaTeX file (size option)
)
\c@part=\count80
\c@section=\count81
\c@subsection=\count82
\c@subsubsection=\count83
\c@paragraph=\count84
\c@subparagraph=\count85
\c@figure=\count86
\c@table=\count87
\abovecaptionskip=\skip41
\belowcaptionskip=\skip42
\bibindent=\dimen102
) ("C:\Users\evanb\AppData\Local\Programs\MiKTeX 2.9\tex/latex/base\inputenc.st
y"
Package: inputenc 2018/08/11 v1.3c Input encoding file
\inpenc@prehook=\toks14
\inpenc@posthook=\toks15
)
LaTeX Font Info:    Try loading font information for T1+txtt on input line 5.

("C:\Users\evanb\AppData\Local\Programs\MiKTeX 2.9\tex/latex/txfonts\t1txtt.fd"
File: t1txtt.fd 2000/12/15 v3.1
)
("C:\Users\evanb\AppData\Local\Programs\MiKTeX 2.9\tex/latex/graphics\color.sty
"
Package: color 2016/07/10 v1.1e Standard LaTeX Color (DPC)

("C:\Users\evanb\AppData\Local\Programs\MiKTeX 2.9\tex/latex/graphics-cfg\color
.cfg"
File: color.cfg 2016/01/02 v1.6 sample color configuration
)
Package color Info: Driver file: pdftex.def on input line 147.

("C:\Users\evanb\AppData\Local\Programs\MiKTeX 2.9\tex/latex/graphics-def\pdfte
x.def"
File: pdftex.def 2018/01/08 v1.0l Graphics/color driver for pdftex
))
("C:\Users\evanb\AppData\Local\Programs\MiKTeX 2.9\tex/latex/enumitem\enumitem.
sty"
Package: enumitem 2019/02/04 v3.8 Customized lists
\enitkv@toks@=\toks16
\labelindent=\skip43
\enit@outerparindent=\dimen103
\enit@toks=\toks17
\enit@inbox=\box27
\enit@count@id=\count88
\enitdp@description=\count89
)
("C:\Users\evanb\AppData\Local\Programs\MiKTeX 2.9\tex/latex/amsmath\amsmath.st
y"
Package: amsmath 2018/12/01 v2.17b AMS math features
\@mathmargin=\skip44

For additional information on amsmath, use the `?' option.

("C:\Users\evanb\AppData\Local\Programs\MiKTeX 2.9\tex/latex/amsmath\amstext.st
y"
Package: amstext 2000/06/29 v2.01 AMS text

("C:\Users\evanb\AppData\Local\Programs\MiKTeX 2.9\tex/latex/amsmath\amsgen.sty
"
File: amsgen.sty 1999/11/30 v2.0 generic functions
\@emptytoks=\toks18
\ex@=\dimen104
))
("C:\Users\evanb\AppData\Local\Programs\MiKTeX 2.9\tex/latex/amsmath\amsbsy.sty
"
Package: amsbsy 1999/11/29 v1.2d Bold Symbols
\pmbraise@=\dimen105
)
("C:\Users\evanb\AppData\Local\Programs\MiKTeX 2.9\tex/latex/amsmath\amsopn.sty
"
Package: amsopn 2016/03/08 v2.02 operator names
)
\inf@bad=\count90
LaTeX Info: Redefining \frac on input line 223.
\uproot@=\count91
\leftroot@=\count92
LaTeX Info: Redefining \overline on input line 385.
\classnum@=\count93
\DOTSCASE@=\count94
LaTeX Info: Redefining \ldots on input line 482.
LaTeX Info: Redefining \dots on input line 485.
LaTeX Info: Redefining \cdots on input line 606.
\Mathstrutbox@=\box28
\strutbox@=\box29
\big@size=\dimen106
LaTeX Font Info:    Redeclaring font encoding OML on input line 729.
LaTeX Font Info:    Redeclaring font encoding OMS on input line 730.
\macc@depth=\count95
\c@MaxMatrixCols=\count96
\dotsspace@=\muskip10
\c@parentequation=\count97
\dspbrk@lvl=\count98
\tag@help=\toks19
\row@=\count99
\column@=\count100
\maxfields@=\count101
\andhelp@=\toks20
\eqnshift@=\dimen107
\alignsep@=\dimen108
\tagshift@=\dimen109
\tagwidth@=\dimen110
\totwidth@=\dimen111
\lineht@=\dimen112
\@envbody=\toks21
\multlinegap=\skip45
\multlinetaggap=\skip46
\mathdisplay@stack=\toks22
LaTeX Info: Redefining \[ on input line 2844.
LaTeX Info: Redefining \] on input line 2845.
)
("C:\Users\evanb\AppData\Local\Programs\MiKTeX 2.9\tex/latex/graphics\graphicx.
sty"
Package: graphicx 2017/06/01 v1.1a Enhanced LaTeX Graphics (DPC,SPQR)

("C:\Users\evanb\AppData\Local\Programs\MiKTeX 2.9\tex/latex/graphics\keyval.st
y"
Package: keyval 2014/10/28 v1.15 key=value parser (DPC)
\KV@toks@=\toks23
)
("C:\Users\evanb\AppData\Local\Programs\MiKTeX 2.9\tex/latex/graphics\graphics.
sty"
Package: graphics 2017/06/25 v1.2c Standard LaTeX Graphics (DPC,SPQR)

("C:\Users\evanb\AppData\Local\Programs\MiKTeX 2.9\tex/latex/graphics\trig.sty"
Package: trig 2016/01/03 v1.10 sin cos tan (DPC)
)
("C:\Users\evanb\AppData\Local\Programs\MiKTeX 2.9\tex/latex/graphics-cfg\graph
ics.cfg"
File: graphics.cfg 2016/06/04 v1.11 sample graphics configuration
)
Package graphics Info: Driver file: pdftex.def on input line 99.
)
\Gin@req@height=\dimen113
\Gin@req@width=\dimen114
)
("C:\Users\evanb\AppData\Local\Programs\MiKTeX 2.9\tex/latex/wrapfig\wrapfig.st
y"
\wrapoverhang=\dimen115
\WF@size=\dimen116
\c@WF@wrappedlines=\count102
\WF@box=\box30
\WF@everypar=\toks24
Package: wrapfig 2003/01/31  v 3.6
) ("C:\Users\evanb\AppData\Local\Programs\MiKTeX 2.9\tex/latex/float\float.sty"
Package: float 2001/11/08 v1.3d Float enhancements (AL)
\c@float@type=\count103
\float@exts=\toks25
\float@box=\box31
\@float@everytoks=\toks26
\@floatcapt=\box32
)
("C:\Users\evanb\AppData\Local\Programs\MiKTeX 2.9\tex/latex/ncctools\nccmath.s
ty"
Package: nccmath 2006/01/20 v1.3 Additional Math Commands (NCC)
\NCC@fracrulewidth=\dimen117
)
("C:\Users\evanb\AppData\Local\Programs\MiKTeX 2.9\tex/latex/tools\verbatim.sty
"
Package: verbatim 2014/10/28 v1.5q LaTeX2e package for verbatim enhancements
\every@verbatim=\toks27
\verbatim@line=\toks28
\verbatim@in@stream=\read1
)
("C:\Users\evanb\AppData\Local\Programs\MiKTeX 2.9\tex/latex/fancyvrb\fancyvrb.
sty"
Package: fancyvrb 2019/01/15
 Style option: `fancyvrb' v3.2a <2019/01/15> (tvz)
\FV@CodeLineNo=\count104
\FV@InFile=\read2
\FV@TabBox=\box33
\c@FancyVerbLine=\count105
\FV@StepNumber=\count106
\FV@OutFile=\write3
)
("C:\Users\evanb\AppData\Local\Programs\MiKTeX 2.9\tex/latex/geometry\geometry.
sty"
Package: geometry 2018/04/16 v5.8 Page Geometry

("C:\Users\evanb\AppData\Local\Programs\MiKTeX 2.9\tex/generic/oberdiek\ifpdf.s
ty"
Package: ifpdf 2018/09/07 v3.3 Provides the ifpdf switch
)
("C:\Users\evanb\AppData\Local\Programs\MiKTeX 2.9\tex/generic/oberdiek\ifvtex.
sty"
Package: ifvtex 2016/05/16 v1.6 Detect VTeX and its facilities (HO)
Package ifvtex Info: VTeX not detected.
)
("C:\Users\evanb\AppData\Local\Programs\MiKTeX 2.9\tex/generic/ifxetex\ifxetex.
sty"
Package: ifxetex 2010/09/12 v0.6 Provides ifxetex conditional
)
\Gm@cnth=\count107
\Gm@cntv=\count108
\c@Gm@tempcnt=\count109
\Gm@bindingoffset=\dimen118
\Gm@wd@mp=\dimen119
\Gm@odd@mp=\dimen120
\Gm@even@mp=\dimen121
\Gm@layoutwidth=\dimen122
\Gm@layoutheight=\dimen123
\Gm@layouthoffset=\dimen124
\Gm@layoutvoffset=\dimen125
\Gm@dimlist=\toks29

("C:\Users\evanb\AppData\Local\Programs\MiKTeX 2.9\tex/latex/geometry\geometry.
cfg"))
("C:\Users\evanb\AppData\Local\Programs\MiKTeX 2.9\tex/latex/changepage\changep
age.sty"
Package: changepage 2009/10/20 v1.0c check page and change page layout
\c@cp@cntr=\count110
\cp@tempcnt=\count111
)
("C:\Users\evanb\AppData\Local\Programs\MiKTeX 2.9\tex/latex/listings\listings.
sty"
\lst@mode=\count112
\lst@gtempboxa=\box34
\lst@token=\toks30
\lst@length=\count113
\lst@currlwidth=\dimen126
\lst@column=\count114
\lst@pos=\count115
\lst@lostspace=\dimen127
\lst@width=\dimen128
\lst@newlines=\count116
\lst@lineno=\count117
\lst@maxwidth=\dimen129

("C:\Users\evanb\AppData\Local\Programs\MiKTeX 2.9\tex/latex/listings\lstmisc.s
ty"
File: lstmisc.sty 2019/09/10 1.8c (Carsten Heinz)
\c@lstnumber=\count118
\lst@skipnumbers=\count119
\lst@framebox=\box35
)
("C:\Users\evanb\AppData\Local\Programs\MiKTeX 2.9\tex/latex/listings\listings.
cfg"
File: listings.cfg 2019/09/10 1.8c listings configuration
))
Package: listings 2019/09/10 1.8c (Carsten Heinz)

("C:\Users\evanb\AppData\Local\Programs\MiKTeX 2.9\tex/latex/adjustbox\adjustbo
x.sty"
Package: adjustbox 2019/01/04 v1.2 Adjusting TeX boxes (trim, clip, ...)

("C:\Users\evanb\AppData\Local\Programs\MiKTeX 2.9\tex/latex/xkeyval\xkeyval.st
y"
Package: xkeyval 2014/12/03 v2.7a package option processing (HA)

("C:\Users\evanb\AppData\Local\Programs\MiKTeX 2.9\tex/generic/xkeyval\xkeyval.
tex"
("C:\Users\evanb\AppData\Local\Programs\MiKTeX 2.9\tex/generic/xkeyval\xkvutils
.tex"
\XKV@toks=\toks31
\XKV@tempa@toks=\toks32
)
\XKV@depth=\count120
File: xkeyval.tex 2014/12/03 v2.7a key=value parser (HA)
))
("C:\Users\evanb\AppData\Local\Programs\MiKTeX 2.9\tex/latex/adjustbox\adjcalc.
sty"
Package: adjcalc 2012/05/16 v1.1 Provides advanced setlength with multiple back
-ends (calc, etex, pgfmath)
)
("C:\Users\evanb\AppData\Local\Programs\MiKTeX 2.9\tex/latex/adjustbox\trimclip
.sty"
Package: trimclip 2018/04/08 v1.1 Trim and clip general TeX material

("C:\Users\evanb\AppData\Local\Programs\MiKTeX 2.9\tex/latex/collectbox\collect
box.sty"
Package: collectbox 2012/05/17 v0.4b Collect macro arguments as boxes
\collectedbox=\box36
)
\tc@llx=\dimen130
\tc@lly=\dimen131
\tc@urx=\dimen132
\tc@ury=\dimen133
Package trimclip Info: Using driver 'tc-pdftex.def'.

("C:\Users\evanb\AppData\Local\Programs\MiKTeX 2.9\tex/latex/adjustbox\tc-pdfte
x.def"
File: tc-pdftex.def 2019/01/04 v2.2 Clipping driver for pdftex
))
\adjbox@Width=\dimen134
\adjbox@Height=\dimen135
\adjbox@Depth=\dimen136
\adjbox@Totalheight=\dimen137
\adjbox@pwidth=\dimen138
\adjbox@pheight=\dimen139
\adjbox@pdepth=\dimen140
\adjbox@ptotalheight=\dimen141

("C:\Users\evanb\AppData\Local\Programs\MiKTeX 2.9\tex/latex/ifoddpage\ifoddpag
e.sty"
Package: ifoddpage 2016/04/23 v1.1 Conditionals for odd/even page detection
\c@checkoddpage=\count121
LaTeX Info: Redefining \checkoddpage on input line 45.
)
("C:\Users\evanb\AppData\Local\Programs\MiKTeX 2.9\tex/latex/varwidth\varwidth.
sty"
Package: varwidth 2009/03/30 ver 0.92;  Variable-width minipages
\@vwid@box=\box37
\sift@deathcycles=\count122
\@vwid@loff=\dimen142
\@vwid@roff=\dimen143
)) (midterm_report.aux)
\openout1 = `midterm_report.aux'.

LaTeX Font Info:    Checking defaults for OML/cmm/m/it on input line 50.
LaTeX Font Info:    ... okay on input line 50.
LaTeX Font Info:    Checking defaults for T1/cmr/m/n on input line 50.
LaTeX Font Info:    ... okay on input line 50.
LaTeX Font Info:    Checking defaults for OT1/cmr/m/n on input line 50.
LaTeX Font Info:    ... okay on input line 50.
LaTeX Font Info:    Checking defaults for OMS/cmsy/m/n on input line 50.
LaTeX Font Info:    ... okay on input line 50.
LaTeX Font Info:    Checking defaults for OMX/cmex/m/n on input line 50.
LaTeX Font Info:    ... okay on input line 50.
LaTeX Font Info:    Checking defaults for U/cmr/m/n on input line 50.
LaTeX Font Info:    ... okay on input line 50.

("C:\Users\evanb\AppData\Local\Programs\MiKTeX 2.9\tex/context/base\supp-pdf.mk
ii"
[Loading MPS to PDF converter (version 2006.09.02).]
\scratchcounter=\count123
\scratchdimen=\dimen144
\scratchbox=\box38
\nofMPsegments=\count124
\nofMParguments=\count125
\everyMPshowfont=\toks33
\MPscratchCnt=\count126
\MPscratchDim=\dimen145
\MPnumerator=\count127
\makeMPintoPDFobject=\count128
\everyMPtoPDFconversion=\toks34
)
("C:\Users\evanb\AppData\Local\Programs\MiKTeX 2.9\tex/latex/oberdiek\epstopdf-
base.sty"
Package: epstopdf-base 2016/05/15 v2.6 Base part for package epstopdf

("C:\Users\evanb\AppData\Local\Programs\MiKTeX 2.9\tex/generic/oberdiek\infware
rr.sty"
Package: infwarerr 2016/05/16 v1.4 Providing info/warning/error messages (HO)
)
("C:\Users\evanb\AppData\Local\Programs\MiKTeX 2.9\tex/latex/oberdiek\grfext.st
y"
Package: grfext 2016/05/16 v1.2 Manage graphics extensions (HO)

("C:\Users\evanb\AppData\Local\Programs\MiKTeX 2.9\tex/generic/oberdiek\kvdefin
ekeys.sty"
Package: kvdefinekeys 2016/05/16 v1.4 Define keys (HO)

("C:\Users\evanb\AppData\Local\Programs\MiKTeX 2.9\tex/generic/oberdiek\ltxcmds
.sty"
Package: ltxcmds 2016/05/16 v1.23 LaTeX kernel commands for general use (HO)
)))
("C:\Users\evanb\AppData\Local\Programs\MiKTeX 2.9\tex/latex/oberdiek\kvoptions
.sty"
Package: kvoptions 2016/05/16 v3.12 Key value format for package options (HO)

("C:\Users\evanb\AppData\Local\Programs\MiKTeX 2.9\tex/generic/oberdiek\kvsetke
ys.sty"
Package: kvsetkeys 2016/05/16 v1.17 Key value parser (HO)

("C:\Users\evanb\AppData\Local\Programs\MiKTeX 2.9\tex/generic/oberdiek\etexcmd
s.sty"
Package: etexcmds 2016/05/16 v1.6 Avoid name clashes with e-TeX commands (HO)

("C:\Users\evanb\AppData\Local\Programs\MiKTeX 2.9\tex/generic/oberdiek\ifluate
x.sty"
Package: ifluatex 2016/05/16 v1.4 Provides the ifluatex switch (HO)
Package ifluatex Info: LuaTeX not detected.
))))
("C:\Users\evanb\AppData\Local\Programs\MiKTeX 2.9\tex/generic/oberdiek\pdftexc
mds.sty"
Package: pdftexcmds 2018/09/10 v0.29 Utility functions of pdfTeX for LuaTeX (HO
)
Package pdftexcmds Info: LuaTeX not detected.
Package pdftexcmds Info: \pdf@primitive is available.
Package pdftexcmds Info: \pdf@ifprimitive is available.
Package pdftexcmds Info: \pdfdraftmode found.
)
Package epstopdf-base Info: Redefining graphics rule for `.eps' on input line 4
38.
Package grfext Info: Graphics extension search list:
(grfext)             [.pdf,.png,.jpg,.mps,.jpeg,.jbig2,.jb2,.PDF,.PNG,.JPG,.JPE
G,.JBIG2,.JB2,.eps]
(grfext)             \AppendGraphicsExtensions on input line 456.
)
*geometry* driver: auto-detecting
*geometry* detected driver: pdftex
*geometry* verbose mode - [ preamble ] result:
* driver: pdftex
* paper: <default>
* layout: <same size as paper>
* layoutoffset:(h,v)=(0.0pt,0.0pt)
* modes: 
* h-part:(L,W,R)=(92.14519pt, 430.00462pt, 92.14519pt)
* v-part:(T,H,B)=(95.39737pt, 556.47656pt, 143.09605pt)
* \paperwidth=614.295pt
* \paperheight=794.96999pt
* \textwidth=430.00462pt
* \textheight=556.47656pt
* \oddsidemargin=19.8752pt
* \evensidemargin=19.8752pt
* \topmargin=-13.87262pt
* \headheight=12.0pt
* \headsep=25.0pt
* \topskip=12.0pt
* \footskip=30.0pt
* \marginparwidth=44.0pt
* \marginparsep=10.0pt
* \columnsep=10.0pt
* \skip\footins=10.8pt plus 4.0pt minus 2.0pt
* \hoffset=0.0pt
* \voffset=0.0pt
* \mag=1000
* \@twocolumnfalse
* \@twosidefalse
* \@mparswitchfalse
* \@reversemarginfalse
* (1in=72.27pt=25.4mm, 1cm=28.453pt)

\c@lstlisting=\count129
<fig.png, id=1, 629.72766pt x 582.67688pt>
File: fig.png Graphic file (type png)
<use fig.png>
Package pdftex.def Info: fig.png  used on input line 63.
(pdftex.def)             Requested size: 172.00249pt x 159.14749pt.
Package epstopdf Info: Source file: <C:/Users/evanb/Documents/deeplearning/midt
erm/output_2/MiniInceptionV3.eps>
(epstopdf)                    date: 2019-10-28 21:37:22
(epstopdf)                    size: 34515 bytes
(epstopdf)             Output file: <C:/Users/evanb/Documents/deeplearning/midt
erm/output_2/MiniInceptionV3-eps-converted-to.pdf>
(epstopdf)                    date: 2019-10-28 21:37:31
(epstopdf)                    size: 23978 bytes
(epstopdf)             Command: <epstopdf --outfile=C:/Users/evanb/Documents/de
eplearning/midterm/output_2/MiniInceptionV3-eps-converted-to.pdf C:/Users/evanb
/Documents/deeplearning/midterm/output_2/MiniInceptionV3.eps>
(epstopdf)             \includegraphics on input line 65.
Package epstopdf Info: Output file is already uptodate.


pdfTeX warning: pdflatex.exe (file C:/Users/evanb/Documents/deeplearning/midter
m/output_2/MiniInceptionV3-eps-converted-to.pdf): PDF inclusion: found PDF vers
ion <1.7>, but at most version <1.5> allowed
<C:/Users/evanb/Documents/deeplearning/midterm/output_2/MiniInceptionV3-eps-con
verted-to.pdf, id=3, 216.81pt x 180.675pt>
File: C:/Users/evanb/Documents/deeplearning/midterm/output_2/MiniInceptionV3-ep
s-converted-to.pdf Graphic file (type pdf)
<use C:/Users/evanb/Documents/deeplearning/midterm/output_2/MiniInceptionV3-eps
-converted-to.pdf>
Package pdftex.def Info: C:/Users/evanb/Documents/deeplearning/midterm/output_2
/MiniInceptionV3-eps-converted-to.pdf  used on input line 65.
(pdftex.def)             Requested size: 188.12701pt x 156.7807pt.
[1

{C:/Users/evanb/AppData/Local/MiKTeX/2.9/pdftex/config/pdftex.map}] [2 <./fig.p
ng> <C:/Users/evanb/Documents/deeplearning/midterm/output_2/MiniInceptionV3-eps
-converted-to.pdf>]
Package epstopdf Info: Source file: <C:/Users/evanb/Documents/deeplearning/midt
erm/output_2/MiniInceptionV3_without_BatchNorm.eps>
(epstopdf)                    date: 2019-10-28 02:18:28
(epstopdf)                    size: 35332 bytes
(epstopdf)             Output file: <C:/Users/evanb/Documents/deeplearning/midt
erm/output_2/MiniInceptionV3_without_BatchNorm-eps-converted-to.pdf>
(epstopdf)                    date: 2019-10-28 21:47:43
(epstopdf)                    size: 24429 bytes
(epstopdf)             Command: <epstopdf --outfile=C:/Users/evanb/Documents/de
eplearning/midterm/output_2/MiniInceptionV3_without_BatchNorm-eps-converted-to.
pdf C:/Users/evanb/Documents/deeplearning/midterm/output_2/MiniInceptionV3_with
out_BatchNorm.eps>
(epstopdf)             \includegraphics on input line 83.
Package epstopdf Info: Output file is already uptodate.


pdfTeX warning: pdflatex.exe (file C:/Users/evanb/Documents/deeplearning/midter
m/output_2/MiniInceptionV3_without_BatchNorm-eps-converted-to.pdf): PDF inclusi
on: found PDF version <1.7>, but at most version <1.5> allowed
<C:/Users/evanb/Documents/deeplearning/midterm/output_2/MiniInceptionV3_without
_BatchNorm-eps-converted-to.pdf, id=46, 216.81pt x 216.81pt>
File: C:/Users/evanb/Documents/deeplearning/midterm/output_2/MiniInceptionV3_wi
thout_BatchNorm-eps-converted-to.pdf Graphic file (type pdf)
<use C:/Users/evanb/Documents/deeplearning/midterm/output_2/MiniInceptionV3_wit
hout_BatchNorm-eps-converted-to.pdf>
Package pdftex.def Info: C:/Users/evanb/Documents/deeplearning/midterm/output_2
/MiniInceptionV3_without_BatchNorm-eps-converted-to.pdf  used on input line 83.

(pdftex.def)             Requested size: 193.50076pt x 193.50945pt.
Package epstopdf Info: Source file: <C:/Users/evanb/Documents/deeplearning/midt
erm/output_2/AlexNet.eps>
(epstopdf)                    date: 2019-10-28 02:18:29
(epstopdf)                    size: 35316 bytes
(epstopdf)             Output file: <C:/Users/evanb/Documents/deeplearning/midt
erm/output_2/AlexNet-eps-converted-to.pdf>
(epstopdf)                    date: 2019-10-28 21:47:44
(epstopdf)                    size: 24949 bytes
(epstopdf)             Command: <epstopdf --outfile=C:/Users/evanb/Documents/de
eplearning/midterm/output_2/AlexNet-eps-converted-to.pdf C:/Users/evanb/Documen
ts/deeplearning/midterm/output_2/AlexNet.eps>
(epstopdf)             \includegraphics on input line 89.
Package epstopdf Info: Output file is already uptodate.


pdfTeX warning: pdflatex.exe (file C:/Users/evanb/Documents/deeplearning/midter
m/output_2/AlexNet-eps-converted-to.pdf): PDF inclusion: found PDF version <1.7
>, but at most version <1.5> allowed
<C:/Users/evanb/Documents/deeplearning/midterm/output_2/AlexNet-eps-converted-t
o.pdf, id=47, 216.81pt x 216.81pt>
File: C:/Users/evanb/Documents/deeplearning/midterm/output_2/AlexNet-eps-conver
ted-to.pdf Graphic file (type pdf)
<use C:/Users/evanb/Documents/deeplearning/midterm/output_2/AlexNet-eps-convert
ed-to.pdf>
Package pdftex.def Info: C:/Users/evanb/Documents/deeplearning/midterm/output_2
/AlexNet-eps-converted-to.pdf  used on input line 89.
(pdftex.def)             Requested size: 193.50076pt x 193.50945pt.
[3 <C:/Users/evanb/Documents/deeplearning/midterm/output_2/MiniInceptionV3_with
out_BatchNorm-eps-converted-to.pdf>]
Package epstopdf Info: Source file: <C:/Users/evanb/Documents/deeplearning/midt
erm/output_2/MLP_1x512.eps>
(epstopdf)                    date: 2019-10-28 02:18:29
(epstopdf)                    size: 31113 bytes
(epstopdf)             Output file: <C:/Users/evanb/Documents/deeplearning/midt
erm/output_2/MLP_1x512-eps-converted-to.pdf>
(epstopdf)                    date: 2019-10-28 21:47:45
(epstopdf)                    size: 20183 bytes
(epstopdf)             Command: <epstopdf --outfile=C:/Users/evanb/Documents/de
eplearning/midterm/output_2/MLP_1x512-eps-converted-to.pdf C:/Users/evanb/Docum
ents/deeplearning/midterm/output_2/MLP_1x512.eps>
(epstopdf)             \includegraphics on input line 95.
Package epstopdf Info: Output file is already uptodate.


pdfTeX warning: pdflatex.exe (file C:/Users/evanb/Documents/deeplearning/midter
m/output_2/MLP_1x512-eps-converted-to.pdf): PDF inclusion: found PDF version <1
.7>, but at most version <1.5> allowed
<C:/Users/evanb/Documents/deeplearning/midterm/output_2/MLP_1x512-eps-converted
-to.pdf, id=82, 216.81pt x 216.81pt>
File: C:/Users/evanb/Documents/deeplearning/midterm/output_2/MLP_1x512-eps-conv
erted-to.pdf Graphic file (type pdf)
<use C:/Users/evanb/Documents/deeplearning/midterm/output_2/MLP_1x512-eps-conve
rted-to.pdf>
Package pdftex.def Info: C:/Users/evanb/Documents/deeplearning/midterm/output_2
/MLP_1x512-eps-converted-to.pdf  used on input line 95.
(pdftex.def)             Requested size: 193.50076pt x 193.50945pt.
Package epstopdf Info: Source file: <C:/Users/evanb/Documents/deeplearning/midt
erm/output_2/MLP_3x512.eps>
(epstopdf)                    date: 2019-10-28 02:18:30
(epstopdf)                    size: 35310 bytes
(epstopdf)             Output file: <C:/Users/evanb/Documents/deeplearning/midt
erm/output_2/MLP_3x512-eps-converted-to.pdf>
(epstopdf)                    date: 2019-10-28 21:47:46
(epstopdf)                    size: 25251 bytes
(epstopdf)             Command: <epstopdf --outfile=C:/Users/evanb/Documents/de
eplearning/midterm/output_2/MLP_3x512-eps-converted-to.pdf C:/Users/evanb/Docum
ents/deeplearning/midterm/output_2/MLP_3x512.eps>
(epstopdf)             \includegraphics on input line 101.
Package epstopdf Info: Output file is already uptodate.


pdfTeX warning: pdflatex.exe (file C:/Users/evanb/Documents/deeplearning/midter
m/output_2/MLP_3x512-eps-converted-to.pdf): PDF inclusion: found PDF version <1
.7>, but at most version <1.5> allowed
<C:/Users/evanb/Documents/deeplearning/midterm/output_2/MLP_3x512-eps-converted
-to.pdf, id=83, 216.81pt x 216.81pt>
File: C:/Users/evanb/Documents/deeplearning/midterm/output_2/MLP_3x512-eps-conv
erted-to.pdf Graphic file (type pdf)
<use C:/Users/evanb/Documents/deeplearning/midterm/output_2/MLP_3x512-eps-conve
rted-to.pdf>
Package pdftex.def Info: C:/Users/evanb/Documents/deeplearning/midterm/output_2
/MLP_3x512-eps-converted-to.pdf  used on input line 101.
(pdftex.def)             Requested size: 193.50076pt x 193.50945pt.
[4 <C:/Users/evanb/Documents/deeplearning/midterm/output_2/AlexNet-eps-converte
d-to.pdf> <C:/Users/evanb/Documents/deeplearning/midterm/output_2/MLP_1x512-eps
-converted-to.pdf>]
Package epstopdf Info: Source file: <C:/Users/evanb/Documents/deeplearning/midt
erm/output_2/output.eps>
(epstopdf)                    date: 2019-10-28 21:28:33
(epstopdf)                    size: 34518 bytes
(epstopdf)             Output file: <C:/Users/evanb/Documents/deeplearning/midt
erm/output_2/output-eps-converted-to.pdf>
(epstopdf)                    date: 2019-10-28 21:47:47
(epstopdf)                    size: 24023 bytes
(epstopdf)             Command: <epstopdf --outfile=C:/Users/evanb/Documents/de
eplearning/midterm/output_2/output-eps-converted-to.pdf C:/Users/evanb/Document
s/deeplearning/midterm/output_2/output.eps>
(epstopdf)             \includegraphics on input line 107.
Package epstopdf Info: Output file is already uptodate.


pdfTeX warning: pdflatex.exe (file C:/Users/evanb/Documents/deeplearning/midter
m/output_2/output-eps-converted-to.pdf): PDF inclusion: found PDF version <1.7>
, but at most version <1.5> allowed
<C:/Users/evanb/Documents/deeplearning/midterm/output_2/output-eps-converted-to
.pdf, id=147, 216.81pt x 198.7425pt>
File: C:/Users/evanb/Documents/deeplearning/midterm/output_2/output-eps-convert
ed-to.pdf Graphic file (type pdf)
<use C:/Users/evanb/Documents/deeplearning/midterm/output_2/output-eps-converte
d-to.pdf>
Package pdftex.def Info: C:/Users/evanb/Documents/deeplearning/midterm/output_2
/output-eps-converted-to.pdf  used on input line 107.
(pdftex.def)             Requested size: 193.50076pt x 177.38367pt.
[5 <C:/Users/evanb/Documents/deeplearning/midterm/output_2/MLP_3x512-eps-conver
ted-to.pdf> <C:/Users/evanb/Documents/deeplearning/midterm/output_2/output-eps-
converted-to.pdf>]
("C:\Users\evanb\AppData\Local\Programs\MiKTeX 2.9\tex/latex/listings\lstlang1.
sty"
File: lstlang1.sty 2019/09/10 1.8c listings language file
) (C:/Users/evanb/Documents/deeplearning/midterm/main.py
LaTeX Font Info:    Try loading font information for OMS+cmr on input line 3.

("C:\Users\evanb\AppData\Local\Programs\MiKTeX 2.9\tex/latex/base\omscmr.fd"
File: omscmr.fd 2014/09/29 v2.5h Standard LaTeX font definitions
)
LaTeX Font Info:    Font shape `OMS/cmr/m/n' in size <12> not available
(Font)              Font shape `OMS/cmsy/m/n' tried instead on input line 3.

Overfull \hbox (2.40028pt too wide) in paragraph at lines 13--14
[][][][][][][][][][][][][][][][][][][][][][][][][][][][][][][][][][][] 
 []

[6

]
Overfull \hbox (24.0005pt too wide) in paragraph at lines 60--61
[][][][][][][][][][][][][][][][][][][][][][][][][][] 
 []

[7]
Overfull \hbox (124.80153pt too wide) in paragraph at lines 75--76
[][][][][][][][][][][][][][][][][][][][] 
 []

) (C:/Users/evanb/Documents/deeplearning/midterm/utils/preprocess_data.py)
(C:/Users/evanb/Documents/deeplearning/midterm/utils/data_corruption.py
[8]
Overfull \hbox (38.40065pt too wide) in paragraph at lines 8--9
[][][][][][][][][][][][][][][] 
 []

) (C:/Users/evanb/Documents/deeplearning/midterm/utils/Models.py [9] [10]
Overfull \hbox (45.60072pt too wide) in paragraph at lines 56--57
[][][][][][][][][][][][][][][][][][] 
 []


Overfull \hbox (9.60036pt too wide) in paragraph at lines 64--65
[][][][][][][][][][][] 
 []

[11]
Overfull \hbox (52.8008pt too wide) in paragraph at lines 89--90
[][][][][][][][][][][][][][][][][][][][][][][][][][][][] 
 []


Overfull \hbox (9.60036pt too wide) in paragraph at lines 113--115
[][][][][][][][][][][][][][][][][][][][][][][][][][][][][][][][][] 
 []


Overfull \hbox (74.40102pt too wide) in paragraph at lines 115--117
[][][][][][][][][][][][][][][][][][][][][][][][][][][][][][][] 
 []

[12] [13]
Overfull \hbox (38.40065pt too wide) in paragraph at lines 159--160
[][][][][][][][][][][][][][][][][][][][][][][][][][][][] 
 []


Overfull \hbox (9.60036pt too wide) in paragraph at lines 161--162
[][][][][][][][][][][][][][][][][][][][][][][][][][][][][][][] 
 []


Overfull \hbox (81.60109pt too wide) in paragraph at lines 181--182
[][][][][][][][][][][][][][][][][][][][][][][][][][][][][] 
 []

[14]
Overfull \hbox (74.40102pt too wide) in paragraph at lines 207--209
[][][][][][][][][][][][][][][][][][][][][][][][][][][][][][][] 
 []

[15]) (C:/Users/evanb/Documents/deeplearning/midterm/plot_results.py [16]
Overfull \hbox (9.19984pt too wide) in paragraph at lines 31--32
[][][][][][][][][][][][][][][][][][][][][][] 
 []


Overfull \hbox (9.19984pt too wide) in paragraph at lines 35--36
[][][][][][][][][][][][][][][][][][][][] 
 []


Overfull \hbox (30.80006pt too wide) in paragraph at lines 40--41
[][][][][][][][][][][][][][][][][][][][][][][][][][][][][][][][][][][][][][][] 

 []


Overfull \hbox (9.19984pt too wide) in paragraph at lines 48--49
[][][][][][][][][][][][][][][][][][][][][][][][][][][][][][][][][][][][][][][][
][][][][][][][][] 
 []


Overfull \hbox (38.00014pt too wide) in paragraph at lines 58--59
[][][][][][][][][][][][][][][][][][][][][][][][][][] 
 []


Overfull \hbox (1.99977pt too wide) in paragraph at lines 62--63
[][][][][][][][][][][][][][][][][][] 
 []

[17]
Overfull \hbox (30.80006pt too wide) in paragraph at lines 85--86
[][][][][][][][][][][][][] 
 []


Overfull \hbox (52.40028pt too wide) in paragraph at lines 88--89
[][][][][][][][][][][][][][][][][][][][][][][][][][][][][][][][][][][][][][][][
][][][][][][] 
 []


Overfull \hbox (23.59999pt too wide) in paragraph at lines 90--91
[][][][][][][][][][][][][][][][][][][][][][][][][][][][][][][][][][][][][][][][
][][][][][][] 
 []


Overfull \hbox (1.99977pt too wide) in paragraph at lines 104--105
[][][][][][][][][][][][][][][][][][][][][][][][][][][][][][][][][][][][][][][][
][][][][][][][][][][][][][][] 
 []

[18]
Overfull \hbox (52.40028pt too wide) in paragraph at lines 120--122
[][][][][][][][][][][][][][][][][][][][][][][][][][][][][][][][][][][][][][][][
][][][][][][][] 
 []


Overfull \hbox (52.40028pt too wide) in paragraph at lines 131--132
[][][][][][][][][][][][][][][][][][][][][][][][][][][][][][][] 
 []


Overfull \hbox (1.99977pt too wide) in paragraph at lines 136--137
[][][][][][][][][][][][][][][][][][][][][][][][][][][][][][][][] 
 []

[19]
Overfull \hbox (23.59999pt too wide) in paragraph at lines 163--164
[][][][][][][][][][][][][][][][][][][][][][][][][][][][][][][][][][][] 
 []


Overfull \hbox (23.59999pt too wide) in paragraph at lines 164--165
[][][][][][][][][][][][][][][][][][][][][][][][][][][][][][][][][][][] 
 []


Overfull \hbox (74.0005pt too wide) in paragraph at lines 165--166
[][][][][][][][][][][][][][][][][][][][][][][][][][][][][][][][][][][] 
 []


Overfull \hbox (74.0005pt too wide) in paragraph at lines 166--168
[][][][][][][][][][][][][][][][][][][][][][][][][][][][][][][][][][][] 
 []

) [20] (midterm_report.aux) ) 
Here is how much of TeX's memory you used:
 7075 strings out of 492946
 105678 string characters out of 3126266
 382811 words of memory out of 3000000
 10829 multiletter control sequences out of 15000+200000
 10799 words of font info for 39 fonts, out of 3000000 for 9000
 1141 hyphenation exceptions out of 8191
 41i,9n,74p,750b,1940s stack positions out of 5000i,500n,10000p,200000b,50000s
<C:/Users/evanb/AppData/Local/Programs/MiKTeX 2.9/
fonts/type1/public/amsfonts/cm/cmbx12.pfb><C:/Users/evanb/AppData/Local/Program
s/MiKTeX 2.9/fonts/type1/public/amsfonts/cm/cmr12.pfb><C:/Users/evanb/AppData/L
ocal/Programs/MiKTeX 2.9/fonts/type1/public/amsfonts/cm/cmr17.pfb><C:/Users/eva
nb/AppData/Local/Programs/MiKTeX 2.9/fonts/type1/public/amsfonts/cm/cmr8.pfb><C
:/Users/evanb/AppData/Local/Programs/MiKTeX 2.9/fonts/type1/public/amsfonts/cm/
cmsy10.pfb><C:/Users/evanb/AppData/Local/Programs/MiKTeX 2.9/fonts/type1/public
/amsfonts/cm/cmti12.pfb><C:/Users/evanb/AppData/Local/Programs/MiKTeX 2.9/fonts
/type1/public/amsfonts/cm/cmtt12.pfb><C:/Users/evanb/AppData/Local/Programs/MiK
TeX 2.9/fonts/type1/public/txfonts/t1xbtt.pfb><C:/Users/evanb/AppData/Local/Pro
grams/MiKTeX 2.9/fonts/type1/public/txfonts/t1xtt.pfb>
Output written on midterm_report.pdf (20 pages, 453235 bytes).
PDF statistics:
 292 PDF objects out of 1000 (max. 8388607)
 0 named destinations out of 1000 (max. 500000)
 36 words of extra memory for PDF output out of 10000 (max. 10000000)

